0 verbose cli C:\Program Files\nodejs\node.exe C:\Program Files\nodejs\node_modules\npm\bin\npm-cli.js
1 info using npm@11.6.2
2 info using node@v24.13.0
3 silly config load:file:C:\Program Files\nodejs\node_modules\npm\npmrc
4 silly config load:file:C:\Users\QC\Downloads\ViralFlow_v2\remotion\.npmrc
5 silly config load:file:C:\Users\QC\.npmrc
6 silly config load:file:C:\Users\QC\Downloads\ViralFlow_v2\remotion\%APPDATA%\npm\etc\npmrc
7 verbose title npm exec remotion render ViralVideo out/potato_video.mp4 --concurrency=1 --scale=0.5 --gl=angle --log=verbose
8 verbose argv "exec" "--" "remotion" "render" "ViralVideo" "out/potato_video.mp4" "--concurrency=1" "--scale=0.5" "--gl=angle" "--log=verbose"
9 verbose logfile logs-max:10 dir:C:\Users\QC\Downloads\ViralFlow_v2\remotion\%APPDATA%\npm-cache\_logs\2026-02-02T18_19_27_500Z-
10 verbose logfile C:\Users\QC\Downloads\ViralFlow_v2\remotion\%APPDATA%\npm-cache\_logs\2026-02-02T18_19_27_500Z-debug-0.log
11 silly logfile done cleaning log files
12 silly packumentCache heap:2348810240 maxSize:587202560 maxEntrySize:293601280
13 verbose stack Error: could not determine executable to run
13 verbose stack     at getBinFromManifest (C:\Program Files\nodejs\node_modules\npm\node_modules\libnpmexec\lib\get-bin-from-manifest.js:17:23)
13 verbose stack     at exec (C:\Program Files\nodejs\node_modules\npm\node_modules\libnpmexec\lib\index.js:206:15)
13 verbose stack     at async Npm.exec (C:\Program Files\nodejs\node_modules\npm\lib\npm.js:208:9)
13 verbose stack     at async module.exports (C:\Program Files\nodejs\node_modules\npm\lib\cli\entry.js:67:5)
14 verbose pkgid remotion@4.0.417
15 error could not determine executable to run
16 verbose cwd C:\Users\QC\Downloads\ViralFlow_v2\remotion
17 verbose os Windows_NT 10.0.19045
18 verbose node v24.13.0
19 verbose npm  v11.6.2
20 verbose exit 1
21 verbose code 1
22 error A complete log of this run can be found in: C:\Users\QC\Downloads\ViralFlow_v2\remotion\%APPDATA%\npm-cache\_logs\2026-02-02T18_19_27_500Z-debug-0.log
