0 verbose cli C:\Program Files\nodejs\node.exe C:\Program Files\nodejs\node_modules\npm\bin\npm-cli.js
1 info using npm@11.6.2
2 info using node@v24.13.0
3 silly config load:file:C:\Program Files\nodejs\node_modules\npm\npmrc
4 silly config load:file:C:\Users\QC\Downloads\ViralFlow_v2\remotion\.npmrc
5 silly config load:file:C:\Users\QC\.npmrc
6 silly config load:file:C:\Users\QC\Downloads\ViralFlow_v2\remotion\%APPDATA%\npm\etc\npmrc
7 verbose title npm install
8 verbose argv "install"
9 verbose logfile logs-max:10 dir:C:\Users\QC\Downloads\ViralFlow_v2\remotion\%APPDATA%\npm-cache\_logs\2026-02-02T18_17_29_457Z-
10 verbose logfile C:\Users\QC\Downloads\ViralFlow_v2\remotion\%APPDATA%\npm-cache\_logs\2026-02-02T18_17_29_457Z-debug-0.log
11 silly logfile done cleaning log files
12 silly packumentCache heap:2348810240 maxSize:587202560 maxEntrySize:293601280
13 silly idealTree buildDeps
14 silly fetch manifest remotion@latest
15 silly packumentCache full:https://registry.npmjs.org/remotion cache-miss
16 http fetch GET 200 https://registry.npmjs.org/npm 2068ms
17 http fetch GET 200 https://registry.npmjs.org/remotion 1683ms (cache miss)
18 silly packumentCache full:https://registry.npmjs.org/remotion set size:undefined disposed:false
19 silly fetch manifest react@^18.0.0
20 silly packumentCache full:https://registry.npmjs.org/react cache-miss
21 http fetch GET 200 https://registry.npmjs.org/react 647ms (cache miss)
22 silly packumentCache full:https://registry.npmjs.org/react set size:undefined disposed:false
23 silly fetch manifest react-dom@^18.0.0
24 silly packumentCache full:https://registry.npmjs.org/react-dom cache-miss
25 http fetch GET 200 https://registry.npmjs.org/react-dom 290ms (cache miss)
26 silly packumentCache full:https://registry.npmjs.org/react-dom set size:undefined disposed:false
27 silly fetch manifest zod@^3.22.4
28 silly packumentCache full:https://registry.npmjs.org/zod cache-miss
29 http fetch GET 200 https://registry.npmjs.org/zod 420ms (cache miss)
30 silly packumentCache full:https://registry.npmjs.org/zod set size:undefined disposed:false
31 silly fetch manifest @types/react@^18.0.0
32 silly packumentCache full:https://registry.npmjs.org/@types%2freact cache-miss
33 http fetch GET 200 https://registry.npmjs.org/@types%2freact 118ms (cache miss)
34 silly packumentCache full:https://registry.npmjs.org/@types%2freact set size:undefined disposed:false
35 silly fetch manifest @types/web@^0.0.61
36 silly packumentCache full:https://registry.npmjs.org/@types%2fweb cache-miss
37 http fetch GET 200 https://registry.npmjs.org/@types%2fweb 606ms (cache miss)
38 silly packumentCache full:https://registry.npmjs.org/@types%2fweb set size:undefined disposed:false
39 silly placeDep ROOT @types/react@18.3.27 OK for: viral-video-engine@1.0.0 want: ^18.0.0
40 silly placeDep ROOT @types/web@0.0.61 OK for: viral-video-engine@1.0.0 want: ^0.0.61
41 silly placeDep ROOT react@18.3.1 OK for: viral-video-engine@1.0.0 want: ^18.0.0
42 silly placeDep ROOT react-dom@18.3.1 OK for: viral-video-engine@1.0.0 want: ^18.0.0
43 silly placeDep ROOT remotion@4.0.417 OK for: viral-video-engine@1.0.0 want: latest
44 silly placeDep ROOT zod@3.25.76 OK for: viral-video-engine@1.0.0 want: ^3.22.4
45 silly fetch manifest csstype@^3.2.2
46 silly packumentCache full:https://registry.npmjs.org/csstype cache-miss
47 silly fetch manifest @types/prop-types@*
48 silly packumentCache full:https://registry.npmjs.org/@types%2fprop-types cache-miss
49 silly fetch manifest loose-envify@^1.1.0
50 silly packumentCache full:https://registry.npmjs.org/loose-envify cache-miss
51 http fetch GET 200 https://registry.npmjs.org/csstype 66ms (cache miss)
52 silly packumentCache full:https://registry.npmjs.org/csstype set size:undefined disposed:false
53 silly fetch manifest scheduler@^0.23.2
54 silly packumentCache full:https://registry.npmjs.org/scheduler cache-miss
55 http fetch GET 200 https://registry.npmjs.org/loose-envify 114ms (cache miss)
56 silly packumentCache full:https://registry.npmjs.org/loose-envify set size:undefined disposed:false
57 http fetch GET 200 https://registry.npmjs.org/scheduler 188ms (cache miss)
58 silly packumentCache full:https://registry.npmjs.org/scheduler set size:undefined disposed:false
59 http fetch GET 200 https://registry.npmjs.org/@types%2fprop-types 340ms (cache miss)
60 silly packumentCache full:https://registry.npmjs.org/@types%2fprop-types set size:undefined disposed:false
61 silly placeDep ROOT @types/prop-types@15.7.15 OK for: @types/react@18.3.27 want: *
62 silly placeDep ROOT csstype@3.2.3 OK for: @types/react@18.3.27 want: ^3.2.2
63 silly placeDep ROOT loose-envify@1.4.0 OK for: react@18.3.1 want: ^1.1.0
64 silly fetch manifest js-tokens@^3.0.0 || ^4.0.0
65 silly packumentCache full:https://registry.npmjs.org/js-tokens cache-miss
66 http fetch GET 200 https://registry.npmjs.org/js-tokens 50ms (cache miss)
67 silly packumentCache full:https://registry.npmjs.org/js-tokens set size:undefined disposed:false
68 silly placeDep ROOT js-tokens@4.0.0 OK for: loose-envify@1.4.0 want: ^3.0.0 || ^4.0.0
69 silly placeDep ROOT scheduler@0.23.2 OK for: react-dom@18.3.1 want: ^0.23.2
70 silly reify moves {}
71 silly audit bulk request {
71 silly audit   '@types/react': [ '18.3.27' ],
71 silly audit   '@types/web': [ '0.0.61' ],
71 silly audit   react: [ '18.3.1' ],
71 silly audit   'react-dom': [ '18.3.1' ],
71 silly audit   remotion: [ '4.0.417' ],
71 silly audit   zod: [ '3.25.76' ],
71 silly audit   '@types/prop-types': [ '15.7.15' ],
71 silly audit   csstype: [ '3.2.3' ],
71 silly audit   'loose-envify': [ '1.4.0' ],
71 silly audit   'js-tokens': [ '4.0.0' ],
71 silly audit   scheduler: [ '0.23.2' ]
71 silly audit }
72 http cache scheduler@https://registry.npmjs.org/scheduler/-/scheduler-0.23.2.tgz 0ms (cache hit)
73 http cache @types/prop-types@https://registry.npmjs.org/@types/prop-types/-/prop-types-15.7.15.tgz 0ms (cache hit)
74 http cache js-tokens@https://registry.npmjs.org/js-tokens/-/js-tokens-4.0.0.tgz 0ms (cache hit)
75 http cache csstype@https://registry.npmjs.org/csstype/-/csstype-3.2.3.tgz 0ms (cache hit)
76 http cache zod@https://registry.npmjs.org/zod/-/zod-3.25.76.tgz 0ms (cache hit)
77 http cache remotion@https://registry.npmjs.org/remotion/-/remotion-4.0.417.tgz 0ms (cache hit)
78 http cache react-dom@https://registry.npmjs.org/react-dom/-/react-dom-18.3.1.tgz 0ms (cache hit)
79 http cache @types/web@https://registry.npmjs.org/@types/web/-/web-0.0.61.tgz 0ms (cache hit)
80 http cache react@https://registry.npmjs.org/react/-/react-18.3.1.tgz 0ms (cache hit)
81 http cache loose-envify@https://registry.npmjs.org/loose-envify/-/loose-envify-1.4.0.tgz 0ms (cache hit)
82 silly tarball no local data for scheduler@https://registry.npmjs.org/scheduler/-/scheduler-0.23.2.tgz. Extracting by manifest.
83 silly tarball no local data for @types/prop-types@https://registry.npmjs.org/@types/prop-types/-/prop-types-15.7.15.tgz. Extracting by manifest.
84 silly tarball no local data for js-tokens@https://registry.npmjs.org/js-tokens/-/js-tokens-4.0.0.tgz. Extracting by manifest.
85 silly tarball no local data for csstype@https://registry.npmjs.org/csstype/-/csstype-3.2.3.tgz. Extracting by manifest.
86 silly tarball no local data for zod@https://registry.npmjs.org/zod/-/zod-3.25.76.tgz. Extracting by manifest.
87 silly tarball no local data for remotion@https://registry.npmjs.org/remotion/-/remotion-4.0.417.tgz. Extracting by manifest.
88 silly tarball no local data for react-dom@https://registry.npmjs.org/react-dom/-/react-dom-18.3.1.tgz. Extracting by manifest.
89 silly tarball no local data for @types/web@https://registry.npmjs.org/@types/web/-/web-0.0.61.tgz. Extracting by manifest.
90 silly tarball no local data for react@https://registry.npmjs.org/react/-/react-18.3.1.tgz. Extracting by manifest.
91 http cache @types/react@https://registry.npmjs.org/@types/react/-/react-18.3.27.tgz 0ms (cache hit)
92 silly tarball no local data for loose-envify@https://registry.npmjs.org/loose-envify/-/loose-envify-1.4.0.tgz. Extracting by manifest.
93 silly tarball no local data for @types/react@https://registry.npmjs.org/@types/react/-/react-18.3.27.tgz. Extracting by manifest.
94 http fetch POST 200 https://registry.npmjs.org/-/npm/v1/security/advisories/bulk 431ms
95 silly audit report {}
96 http fetch GET 200 https://registry.npmjs.org/@types/prop-types/-/prop-types-15.7.15.tgz 439ms (cache miss)
97 http fetch GET 200 https://registry.npmjs.org/loose-envify/-/loose-envify-1.4.0.tgz 630ms (cache miss)
98 http fetch GET 200 https://registry.npmjs.org/js-tokens/-/js-tokens-4.0.0.tgz 1019ms (cache miss)
99 http fetch GET 200 https://registry.npmjs.org/scheduler/-/scheduler-0.23.2.tgz 1474ms (cache miss)
100 http fetch GET 200 https://registry.npmjs.org/@types/react/-/react-18.3.27.tgz 1861ms (cache miss)
101 http fetch GET 200 https://registry.npmjs.org/csstype/-/csstype-3.2.3.tgz 1926ms (cache miss)
102 http fetch GET 200 https://registry.npmjs.org/react/-/react-18.3.1.tgz 2001ms (cache miss)
103 http fetch GET 200 https://registry.npmjs.org/@types/web/-/web-0.0.61.tgz 2089ms (cache miss)
104 http fetch GET 200 https://registry.npmjs.org/react-dom/-/react-dom-18.3.1.tgz 3554ms (cache miss)
105 http fetch GET 200 https://registry.npmjs.org/remotion/-/remotion-4.0.417.tgz 7217ms (cache miss)
106 http fetch GET 200 https://registry.npmjs.org/zod/-/zod-3.25.76.tgz 13288ms (cache miss)
107 warn cleanup Failed to remove some directories [
107 warn cleanup   [
107 warn cleanup     '\\\\?\\C:\\Users\\QC\\Downloads\\ViralFlow_v2\\remotion\\node_modules\\js-tokens',
107 warn cleanup     [Error: EPERM: operation not permitted, rmdir 'C:\Users\QC\Downloads\ViralFlow_v2\remotion\node_modules\js-tokens'] {
107 warn cleanup       errno: -4048,
107 warn cleanup       code: 'EPERM',
107 warn cleanup       syscall: 'rmdir',
107 warn cleanup       path: 'C:\\Users\\QC\\Downloads\\ViralFlow_v2\\remotion\\node_modules\\js-tokens'
107 warn cleanup     }
107 warn cleanup   ]
107 warn cleanup ]
108 verbose stack Error: EBUSY: resource busy or locked, unlink 'C:\Users\QC\Downloads\ViralFlow_v2\remotion\%APPDATA%\npm-cache\_cacache\tmp\ad07c699'
109 error code EBUSY
110 error syscall unlink
111 error path C:\Users\QC\Downloads\ViralFlow_v2\remotion\%APPDATA%\npm-cache\_cacache\tmp\ad07c699
112 error errno -4082
113 error EBUSY: resource busy or locked, unlink 'C:\Users\QC\Downloads\ViralFlow_v2\remotion\%APPDATA%\npm-cache\_cacache\tmp\ad07c699'
114 silly unfinished npm timer reify 1770056253501
115 silly unfinished npm timer reify:unpack 1770056258240
116 silly unfinished npm timer reifyNode:node_modules/react 1770056258241
117 verbose cwd C:\Users\QC\Downloads\ViralFlow_v2\remotion
118 verbose os Windows_NT 10.0.19045
119 verbose node v24.13.0
120 verbose npm  v11.6.2
121 notice
121 notice New [33mminor[39m version of npm available! [33m11.6.2[39m -> [34m11.8.0[39m
121 notice Changelog: [34mhttps://github.com/npm/cli/releases/tag/v11.8.0[39m
121 notice To update run: [4mnpm install -g npm@11.8.0[24m
121 notice  { force: true, Symbol(proc-log.meta): true }
122 verbose exit -4082
123 verbose code -4082
124 error A complete log of this run can be found in: C:\Users\QC\Downloads\ViralFlow_v2\remotion\%APPDATA%\npm-cache\_logs\2026-02-02T18_17_29_457Z-debug-0.log
